<?xml version="1.0" encoding="UTF-8"?>
<testsuite name="playwrigthTravels"
           tests="1"
           failures="1"
           errors="0"
           skipped="0"
           time="40,253">
    <properties></properties>

            <testcase
                name="runScenario"
                time="40,253"
                classname="runner.TestRunner">

            <failure type="com.microsoft.playwright.TimeoutError" message="Error {
  message=&apos;Timeout 30000ms exceeded.
  name=&apos;TimeoutError
  stack=&apos;TimeoutError: Timeout 30000ms exceeded.
    at ProgressController.run (C:\Users\USER\AppData\Local\Temp\playwright-java-15313370453097864768\package\lib\server\progress.js:75:26)
    at Frame._callOnElementOnceMatches (C:\Users\USER\AppData\Local\Temp\playwright-java-15313370453097864768\package\lib\server\frames.js:1483:23)
    at Frame.textContent (C:\Users\USER\AppData\Local\Temp\playwright-java-15313370453097864768\package\lib\server\frames.js:1089:17)
    at FrameDispatcher.textContent (C:\Users\USER\AppData\Local\Temp\playwright-java-15313370453097864768\package\lib\server\dispatchers\frameDispatcher.js:178:37)
    at FrameDispatcher._handleCommand (C:\Users\USER\AppData\Local\Temp\playwright-java-15313370453097864768\package\lib\server\dispatchers\dispatcher.js:96:40)
    at DispatcherConnection.dispatch (C:\Users\USER\AppData\Local\Temp\playwright-java-15313370453097864768\package\lib\server\dispatchers\dispatcher.js:366:39)
}
Call log:
-   - waiting for locator(&quot;//h5[@data-test-id=&apos;listings-header-recommended&apos;]&quot;)
">
                <![CDATA[com.microsoft.playwright.TimeoutError: Error {
  message='Timeout 30000ms exceeded.
  name='TimeoutError
  stack='TimeoutError: Timeout 30000ms exceeded.
    at ProgressController.run (C:\Users\USER\AppData\Local\Temp\playwright-java-15313370453097864768\package\lib\server\progress.js:75:26)
    at Frame._callOnElementOnceMatches (C:\Users\USER\AppData\Local\Temp\playwright-java-15313370453097864768\package\lib\server\frames.js:1483:23)
    at Frame.textContent (C:\Users\USER\AppData\Local\Temp\playwright-java-15313370453097864768\package\lib\server\frames.js:1089:17)
    at FrameDispatcher.textContent (C:\Users\USER\AppData\Local\Temp\playwright-java-15313370453097864768\package\lib\server\dispatchers\frameDispatcher.js:178:37)
    at FrameDispatcher._handleCommand (C:\Users\USER\AppData\Local\Temp\playwright-java-15313370453097864768\package\lib\server\dispatchers\dispatcher.js:96:40)
    at DispatcherConnection.dispatch (C:\Users\USER\AppData\Local\Temp\playwright-java-15313370453097864768\package\lib\server\dispatchers\dispatcher.js:366:39)
}
Call log:
-   - waiting for locator("//h5[@data-test-id='listings-header-recommended']")

                com.microsoft.playwright.impl.WaitableResult.get(WaitableResult.java:52)com.microsoft.playwright.impl.ChannelOwner.runUntil(ChannelOwner.java:132)com.microsoft.playwright.impl.Connection.sendMessage(Connection.java:130)com.microsoft.playwright.impl.ChannelOwner.sendMessage(ChannelOwner.java:118)com.microsoft.playwright.impl.FrameImpl.textContentImpl(FrameImpl.java:818)com.microsoft.playwright.impl.FrameImpl.lambda$textContent$38(FrameImpl.java:809)com.microsoft.playwright.impl.LoggingSupport.withLogging(LoggingSupport.java:47)com.microsoft.playwright.impl.ChannelOwner.withLogging(ChannelOwner.java:97)com.microsoft.playwright.impl.FrameImpl.textContent(FrameImpl.java:809)com.microsoft.playwright.impl.LocatorImpl.textContent(LocatorImpl.java:606)com.microsoft.playwright.Locator.textContent(Locator.java:5281)pages.TickestPage.validetaTextRecommended(TickestPage.java:16)stepDefinitions.SearchFlightsSteps.all_matching_flights_should_be_displayed(SearchFlightsSteps.java:85)✽.all matching flights should be displayed(file:///C:/Users/USER/IdeaProjects/playwrigthTravels/src/test/java/features/SearchFlights.feature:10)
                    Caused by: com.microsoft.playwright.TimeoutError: Error {
  message='Timeout 30000ms exceeded.
  name='TimeoutError
  stack='TimeoutError: Timeout 30000ms exceeded.
    at ProgressController.run (C:\Users\USER\AppData\Local\Temp\playwright-java-15313370453097864768\package\lib\server\progress.js:75:26)
    at Frame._callOnElementOnceMatches (C:\Users\USER\AppData\Local\Temp\playwright-java-15313370453097864768\package\lib\server\frames.js:1483:23)
    at Frame.textContent (C:\Users\USER\AppData\Local\Temp\playwright-java-15313370453097864768\package\lib\server\frames.js:1089:17)
    at FrameDispatcher.textContent (C:\Users\USER\AppData\Local\Temp\playwright-java-15313370453097864768\package\lib\server\dispatchers\frameDispatcher.js:178:37)
    at FrameDispatcher._handleCommand (C:\Users\USER\AppData\Local\Temp\playwright-java-15313370453097864768\package\lib\server\dispatchers\dispatcher.js:96:40)
    at DispatcherConnection.dispatch (C:\Users\USER\AppData\Local\Temp\playwright-java-15313370453097864768\package\lib\server\dispatchers\dispatcher.js:366:39)
}
Call log:
-   - waiting for locator("//h5[@data-test-id='listings-header-recommended']")

                    com.microsoft.playwright.impl.Connection.dispatch(Connection.java:254)com.microsoft.playwright.impl.Connection.processOneMessage(Connection.java:211)com.microsoft.playwright.impl.ChannelOwner.runUntil(ChannelOwner.java:130)com.microsoft.playwright.impl.Connection.sendMessage(Connection.java:130)com.microsoft.playwright.impl.ChannelOwner.sendMessage(ChannelOwner.java:118)com.microsoft.playwright.impl.FrameImpl.textContentImpl(FrameImpl.java:818)com.microsoft.playwright.impl.FrameImpl.lambda$textContent$38(FrameImpl.java:809)com.microsoft.playwright.impl.LoggingSupport.withLogging(LoggingSupport.java:47)com.microsoft.playwright.impl.ChannelOwner.withLogging(ChannelOwner.java:97)com.microsoft.playwright.impl.FrameImpl.textContent(FrameImpl.java:809)com.microsoft.playwright.impl.LocatorImpl.textContent(LocatorImpl.java:606)com.microsoft.playwright.Locator.textContent(Locator.java:5281)pages.TickestPage.validetaTextRecommended(TickestPage.java:16)stepDefinitions.SearchFlightsSteps.all_matching_flights_should_be_displayed(SearchFlightsSteps.java:85)java.base/jdk.internal.reflect.NativeMethodAccessorImpl.invoke0(Native Method)java.base/jdk.internal.reflect.NativeMethodAccessorImpl.invoke(NativeMethodAccessorImpl.java:77)java.base/jdk.internal.reflect.DelegatingMethodAccessorImpl.invoke(DelegatingMethodAccessorImpl.java:43)java.base/java.lang.reflect.Method.invoke(Method.java:568)io.cucumber.java.Invoker.doInvoke(Invoker.java:66)io.cucumber.java.Invoker.invoke(Invoker.java:24)io.cucumber.java.AbstractGlueDefinition.invokeMethod(AbstractGlueDefinition.java:47)io.cucumber.java.JavaStepDefinition.execute(JavaStepDefinition.java:29)io.cucumber.core.runner.CoreStepDefinition.execute(CoreStepDefinition.java:66)io.cucumber.core.runner.PickleStepDefinitionMatch.runStep(PickleStepDefinitionMatch.java:63)io.cucumber.core.runner.ExecutionMode$1.execute(ExecutionMode.java:10)io.cucumber.core.runner.TestStep.executeStep(TestStep.java:84)io.cucumber.core.runner.TestStep.run(TestStep.java:56)io.cucumber.core.runner.PickleStepTestStep.run(PickleStepTestStep.java:51)io.cucumber.core.runner.TestCase.run(TestCase.java:84)io.cucumber.core.runner.Runner.runPickle(Runner.java:75)io.cucumber.testng.TestNGCucumberRunner.lambda$runScenario$1(TestNGCucumberRunner.java:132)io.cucumber.core.runtime.CucumberExecutionContext.lambda$runTestCase$5(CucumberExecutionContext.java:137)io.cucumber.core.runtime.RethrowingThrowableCollector.executeAndThrow(RethrowingThrowableCollector.java:23)io.cucumber.core.runtime.CucumberExecutionContext.runTestCase(CucumberExecutionContext.java:137)io.cucumber.testng.TestNGCucumberRunner.runScenario(TestNGCucumberRunner.java:129)io.cucumber.testng.AbstractTestNGCucumberTests.runScenario(AbstractTestNGCucumberTests.java:35)java.base/jdk.internal.reflect.NativeMethodAccessorImpl.invoke0(Native Method)java.base/jdk.internal.reflect.NativeMethodAccessorImpl.invoke(NativeMethodAccessorImpl.java:77)java.base/jdk.internal.reflect.DelegatingMethodAccessorImpl.invoke(DelegatingMethodAccessorImpl.java:43)java.base/java.lang.reflect.Method.invoke(Method.java:568)org.testng.internal.invokers.MethodInvocationHelper.invokeMethod(MethodInvocationHelper.java:135)org.testng.internal.invokers.TestInvoker.invokeMethod(TestInvoker.java:673)org.testng.internal.invokers.TestInvoker.invokeTestMethod(TestInvoker.java:220)org.testng.internal.invokers.MethodRunner.runInSequence(MethodRunner.java:50)org.testng.internal.invokers.TestInvoker$MethodInvocationAgent.invoke(TestInvoker.java:945)org.testng.internal.invokers.TestInvoker.invokeTestMethods(TestInvoker.java:193)org.testng.internal.invokers.TestMethodWorker.invokeTestMethods(TestMethodWorker.java:146)org.testng.internal.invokers.TestMethodWorker.run(TestMethodWorker.java:128)java.base/java.util.ArrayList.forEach(ArrayList.java:1511)org.testng.TestRunner.privateRun(TestRunner.java:808)org.testng.TestRunner.run(TestRunner.java:603)org.testng.SuiteRunner.runTest(SuiteRunner.java:429)org.testng.SuiteRunner.runSequentially(SuiteRunner.java:423)org.testng.SuiteRunner.privateRun(SuiteRunner.java:383)org.testng.SuiteRunner.run(SuiteRunner.java:326)org.testng.SuiteRunnerWorker.runSuite(SuiteRunnerWorker.java:52)org.testng.SuiteRunnerWorker.run(SuiteRunnerWorker.java:95)org.testng.TestNG.runSuitesSequentially(TestNG.java:1249)org.testng.TestNG.runSuitesLocally(TestNG.java:1169)org.testng.TestNG.runSuites(TestNG.java:1092)org.testng.TestNG.run(TestNG.java:1060)com.intellij.rt.testng.IDEARemoteTestNG.run(IDEARemoteTestNG.java:65)com.intellij.rt.testng.RemoteTestNGStarter.main(RemoteTestNGStarter.java:105)
                ]]>
            </failure>
    </testcase>


</testsuite>
